2023-12-04T01:49:12.058+09:00  INFO 13092 --- [SpringApplicationShutdownHook] org.quartz.core.QuartzScheduler          : Scheduler quartzScheduler_$_NON_CLUSTERED paused.
2023-12-04T01:49:12.246+09:00  INFO 13092 --- [SpringApplicationShutdownHook] o.s.s.quartz.SchedulerFactoryBean        : Shutting down Quartz Scheduler
2023-12-04T01:49:12.247+09:00  INFO 13092 --- [SpringApplicationShutdownHook] org.quartz.core.QuartzScheduler          : Scheduler quartzScheduler_$_NON_CLUSTERED shutting down.
2023-12-04T01:49:12.247+09:00  INFO 13092 --- [SpringApplicationShutdownHook] org.quartz.core.QuartzScheduler          : Scheduler quartzScheduler_$_NON_CLUSTERED paused.
2023-12-04T01:49:12.249+09:00  INFO 13092 --- [SpringApplicationShutdownHook] org.quartz.core.QuartzScheduler          : Scheduler quartzScheduler_$_NON_CLUSTERED shutdown complete.
2023-12-04T01:49:12.293+09:00  INFO 13092 --- [SpringApplicationShutdownHook] j.LocalContainerEntityManagerFactoryBean : Closing JPA EntityManagerFactory for persistence unit 'default'
2023-12-04T01:49:12.353+09:00  INFO 13092 --- [SpringApplicationShutdownHook] com.zaxxer.hikari.HikariDataSource       : HikariPool-1 - Shutdown initiated...
2023-12-04T01:49:12.373+09:00  INFO 13092 --- [SpringApplicationShutdownHook] com.zaxxer.hikari.HikariDataSource       : HikariPool-1 - Shutdown completed.
2023-12-04T04:06:01.657+09:00  INFO 10764 --- [Test worker] com.bridgeshop.BackendApplicationTests   : Starting BackendApplicationTests using Java 17.0.7 with PID 10764 (started by bridge in C:\lee\workspace\bridgeshop\backend)
2023-12-04T04:06:01.660+09:00  INFO 10764 --- [Test worker] com.bridgeshop.BackendApplicationTests   : No active profile set, falling back to 1 default profile: "default"
2023-12-04T04:06:03.004+09:00  INFO 10764 --- [Test worker] o.s.b.c.c.annotation.BatchRegistrar      : Finished Spring Batch infrastructure beans configuration in 6 ms.
2023-12-04T04:06:03.506+09:00  INFO 10764 --- [Test worker] .s.d.r.c.RepositoryConfigurationDelegate : Bootstrapping Spring Data JPA repositories in DEFAULT mode.
2023-12-04T04:06:03.860+09:00  INFO 10764 --- [Test worker] .s.d.r.c.RepositoryConfigurationDelegate : Finished Spring Data repository scanning in 340 ms. Found 25 JPA repository interfaces.
2023-12-04T04:06:04.291+09:00  INFO 10764 --- [Test worker] o.s.cloud.context.scope.GenericScope     : BeanFactory id=3d4e9bfd-1940-33bc-9818-7594c96f8f51
2023-12-04T04:06:04.800+09:00  INFO 10764 --- [Test worker] com.zaxxer.hikari.HikariDataSource       : HikariPool-1 - Starting...
2023-12-04T04:06:04.999+09:00  INFO 10764 --- [Test worker] com.zaxxer.hikari.pool.HikariPool        : HikariPool-1 - Added connection org.mariadb.jdbc.Connection@2d4fb0d8
2023-12-04T04:06:05.002+09:00  INFO 10764 --- [Test worker] com.zaxxer.hikari.HikariDataSource       : HikariPool-1 - Start completed.
2023-12-04T04:06:05.081+09:00  INFO 10764 --- [Test worker] o.hibernate.jpa.internal.util.LogHelper  : HHH000204: Processing PersistenceUnitInfo [name: default]
2023-12-04T04:06:05.182+09:00  INFO 10764 --- [Test worker] org.hibernate.Version                    : HHH000412: Hibernate ORM core version 6.2.5.Final
2023-12-04T04:06:05.187+09:00  INFO 10764 --- [Test worker] org.hibernate.cfg.Environment            : HHH000406: Using bytecode reflection optimizer
2023-12-04T04:06:05.434+09:00  INFO 10764 --- [Test worker] o.h.b.i.BytecodeProviderInitiator        : HHH000021: Bytecode provider name : bytebuddy
2023-12-04T04:06:05.696+09:00  INFO 10764 --- [Test worker] o.s.o.j.p.SpringPersistenceUnitInfo      : No LoadTimeWeaver setup: ignoring JPA class transformer
2023-12-04T04:06:06.338+09:00  INFO 10764 --- [Test worker] o.h.b.i.BytecodeProviderInitiator        : HHH000021: Bytecode provider name : bytebuddy
2023-12-04T04:06:07.787+09:00  INFO 10764 --- [Test worker] o.h.e.t.j.p.i.JtaPlatformInitiator       : HHH000490: Using JtaPlatform implementation: [org.hibernate.engine.transaction.jta.platform.internal.NoJtaPlatform]
2023-12-04T04:06:07.793+09:00  INFO 10764 --- [Test worker] j.LocalContainerEntityManagerFactoryBean : Initialized JPA EntityManagerFactory for persistence unit 'default'
2023-12-04T04:06:07.874+09:00  INFO 10764 --- [Test worker] o.s.b.c.r.s.JobRepositoryFactoryBean     : No database type set, using meta data indicating: MARIADB
2023-12-04T04:06:07.916+09:00  INFO 10764 --- [Test worker] o.s.b.c.l.support.SimpleJobLauncher      : No TaskExecutor has been set, defaulting to synchronous executor.
2023-12-04T04:06:08.578+09:00  INFO 10764 --- [Test worker] o.s.d.j.r.query.QueryEnhancerFactory     : Hibernate is in classpath; If applicable, HQL parser will be used.
2023-12-04T04:06:09.269+09:00  INFO 10764 --- [Test worker] .c.a.BatchObservabilityBeanPostProcessor : No Micrometer observation registry found, defaulting to ObservationRegistry.NOOP
2023-12-04T04:06:09.276+09:00  INFO 10764 --- [Test worker] .c.a.BatchObservabilityBeanPostProcessor : No Micrometer observation registry found, defaulting to ObservationRegistry.NOOP
2023-12-04T04:06:10.697+09:00  WARN 10764 --- [Test worker] JpaBaseConfiguration$JpaWebConfiguration : spring.jpa.open-in-view is enabled by default. Therefore, database queries may be performed during view rendering. Explicitly configure spring.jpa.open-in-view to disable this warning
2023-12-04T04:06:12.033+09:00  INFO 10764 --- [Test worker] .c.a.BatchObservabilityBeanPostProcessor : No Micrometer observation registry found, defaulting to ObservationRegistry.NOOP
2023-12-04T04:06:12.035+09:00  INFO 10764 --- [Test worker] .c.a.BatchObservabilityBeanPostProcessor : No Micrometer observation registry found, defaulting to ObservationRegistry.NOOP
2023-12-04T04:06:12.101+09:00  WARN 10764 --- [Test worker] .s.s.UserDetailsServiceAutoConfiguration : 

Using generated security password: 20b2c5ac-4eb0-49f5-9cd0-3cffe10ba992

This generated password is for development use only. Your security configuration must be updated before running your application in production.

2023-12-04T04:06:12.641+09:00  INFO 10764 --- [Test worker] o.s.s.web.DefaultSecurityFilterChain     : Will secure any request with [org.springframework.security.web.session.DisableEncodeUrlFilter@6fc7c08f, org.springframework.security.web.context.request.async.WebAsyncManagerIntegrationFilter@49308df2, org.springframework.security.web.context.SecurityContextHolderFilter@1df6d36b, org.springframework.security.web.header.HeaderWriterFilter@1d243ebb, org.springframework.security.web.authentication.logout.LogoutFilter@71abb4e7, org.springframework.security.web.savedrequest.RequestCacheAwareFilter@81acb6c, org.springframework.security.web.servletapi.SecurityContextHolderAwareRequestFilter@799c87, org.springframework.security.web.authentication.AnonymousAuthenticationFilter@4ff95435, org.springframework.security.web.session.SessionManagementFilter@5c5295e4, org.springframework.security.web.access.ExceptionTranslationFilter@3b0d4f43, org.springframework.security.web.access.intercept.FilterSecurityInterceptor@25cff0]
2023-12-04T04:06:13.126+09:00  INFO 10764 --- [Test worker] org.quartz.impl.StdSchedulerFactory      : Using default implementation for ThreadExecutor
2023-12-04T04:06:13.151+09:00  INFO 10764 --- [Test worker] org.quartz.core.SchedulerSignalerImpl    : Initialized Scheduler Signaller of type: class org.quartz.core.SchedulerSignalerImpl
2023-12-04T04:06:13.152+09:00  INFO 10764 --- [Test worker] org.quartz.core.QuartzScheduler          : Quartz Scheduler v.2.3.2 created.
2023-12-04T04:06:13.154+09:00  INFO 10764 --- [Test worker] org.quartz.simpl.RAMJobStore             : RAMJobStore initialized.
2023-12-04T04:06:13.157+09:00  INFO 10764 --- [Test worker] org.quartz.core.QuartzScheduler          : Scheduler meta-data: Quartz Scheduler (v2.3.2) 'quartzScheduler' with instanceId 'NON_CLUSTERED'
  Scheduler class: 'org.quartz.core.QuartzScheduler' - running locally.
  NOT STARTED.
  Currently in standby mode.
  Number of jobs executed: 0
  Using thread pool 'org.quartz.simpl.SimpleThreadPool' - with 10 threads.
  Using job-store 'org.quartz.simpl.RAMJobStore' - which does not support persistence. and is not clustered.

2023-12-04T04:06:13.158+09:00  INFO 10764 --- [Test worker] org.quartz.impl.StdSchedulerFactory      : Quartz scheduler 'quartzScheduler' initialized from an externally provided properties instance.
2023-12-04T04:06:13.159+09:00  INFO 10764 --- [Test worker] org.quartz.impl.StdSchedulerFactory      : Quartz scheduler version: 2.3.2
2023-12-04T04:06:13.159+09:00  INFO 10764 --- [Test worker] org.quartz.core.QuartzScheduler          : JobFactory set to: org.springframework.scheduling.quartz.SpringBeanJobFactory@51258322
2023-12-04T04:06:13.387+09:00  INFO 10764 --- [Test worker] o.s.s.quartz.SchedulerFactoryBean        : Starting Quartz Scheduler now
2023-12-04T04:06:13.387+09:00  INFO 10764 --- [Test worker] org.quartz.core.QuartzScheduler          : Scheduler quartzScheduler_$_NON_CLUSTERED started.
2023-12-04T04:06:13.413+09:00  INFO 10764 --- [Test worker] com.bridgeshop.BackendApplicationTests   : Started BackendApplicationTests in 12.291 seconds (process running for 13.917)
2023-12-04T04:06:13.530+09:00  INFO 10764 --- [task-1] o.s.b.c.l.support.SimpleJobLauncher      : Job: [SimpleJob: [name=StatsSalesJob]] launched with the following parameters: [{'time':'{value=1701630373424, type=class java.lang.Long, identifying=true}'}]
2023-12-04T04:06:13.588+09:00  INFO 10764 --- [task-1] o.s.batch.core.job.SimpleStepHandler     : Executing step: [StatsSalesStep]
2023-12-04T04:06:13.645+09:00  INFO 10764 --- [task-1] o.s.batch.core.step.AbstractStep         : Step: [StatsSalesStep] executed in 55ms
2023-12-04T04:06:13.675+09:00  INFO 10764 --- [task-1] o.s.b.c.l.support.SimpleJobLauncher      : Job: [SimpleJob: [name=StatsSalesJob]] completed with the following parameters: [{'time':'{value=1701630373424, type=class java.lang.Long, identifying=true}'}] and the following status: [COMPLETED] in 102ms
2023-12-04T04:06:13.798+09:00  INFO 10764 --- [SpringApplicationShutdownHook] org.quartz.core.QuartzScheduler          : Scheduler quartzScheduler_$_NON_CLUSTERED paused.
2023-12-04T04:06:13.801+09:00  INFO 10764 --- [SpringApplicationShutdownHook] o.s.s.quartz.SchedulerFactoryBean        : Shutting down Quartz Scheduler
2023-12-04T04:06:13.801+09:00  INFO 10764 --- [SpringApplicationShutdownHook] org.quartz.core.QuartzScheduler          : Scheduler quartzScheduler_$_NON_CLUSTERED shutting down.
2023-12-04T04:06:13.801+09:00  INFO 10764 --- [SpringApplicationShutdownHook] org.quartz.core.QuartzScheduler          : Scheduler quartzScheduler_$_NON_CLUSTERED paused.
2023-12-04T04:06:13.801+09:00  INFO 10764 --- [SpringApplicationShutdownHook] org.quartz.core.QuartzScheduler          : Scheduler quartzScheduler_$_NON_CLUSTERED shutdown complete.
2023-12-04T04:06:13.813+09:00  INFO 10764 --- [SpringApplicationShutdownHook] j.LocalContainerEntityManagerFactoryBean : Closing JPA EntityManagerFactory for persistence unit 'default'
2023-12-04T04:06:13.816+09:00  INFO 10764 --- [SpringApplicationShutdownHook] com.zaxxer.hikari.HikariDataSource       : HikariPool-1 - Shutdown initiated...
2023-12-04T04:06:13.821+09:00  INFO 10764 --- [SpringApplicationShutdownHook] com.zaxxer.hikari.HikariDataSource       : HikariPool-1 - Shutdown completed.
2023-12-04T04:08:47.541+09:00  INFO 14728 --- [main] com.bridgeshop.BackendApplication        : Starting BackendApplication using Java 17.0.7 with PID 14728 (C:\lee\workspace\bridgeshop\backend\build\classes\java\main started by bridge in C:\lee\workspace\bridgeshop\backend)
2023-12-04T04:08:47.543+09:00  INFO 14728 --- [main] com.bridgeshop.BackendApplication        : No active profile set, falling back to 1 default profile: "default"
2023-12-04T04:08:48.353+09:00  INFO 14728 --- [main] o.s.b.c.c.annotation.BatchRegistrar      : Finished Spring Batch infrastructure beans configuration in 5 ms.
2023-12-04T04:08:48.667+09:00  INFO 14728 --- [main] .s.d.r.c.RepositoryConfigurationDelegate : Bootstrapping Spring Data JPA repositories in DEFAULT mode.
2023-12-04T04:08:48.895+09:00  INFO 14728 --- [main] .s.d.r.c.RepositoryConfigurationDelegate : Finished Spring Data repository scanning in 220 ms. Found 25 JPA repository interfaces.
2023-12-04T04:08:49.132+09:00  INFO 14728 --- [main] o.s.cloud.context.scope.GenericScope     : BeanFactory id=2d89569e-5107-398d-abd2-68f19ce118de
2023-12-04T04:08:49.583+09:00  INFO 14728 --- [main] o.s.b.w.embedded.tomcat.TomcatWebServer  : Tomcat initialized with port(s): 8080 (http)
2023-12-04T04:08:49.594+09:00  INFO 14728 --- [main] o.apache.catalina.core.StandardService   : Starting service [Tomcat]
2023-12-04T04:08:49.595+09:00  INFO 14728 --- [main] o.apache.catalina.core.StandardEngine    : Starting Servlet engine: [Apache Tomcat/10.1.10]
2023-12-04T04:08:49.718+09:00  INFO 14728 --- [main] o.a.c.c.C.[Tomcat].[localhost].[/]       : Initializing Spring embedded WebApplicationContext
2023-12-04T04:08:49.718+09:00  INFO 14728 --- [main] w.s.c.ServletWebServerApplicationContext : Root WebApplicationContext: initialization completed in 2121 ms
2023-12-04T04:08:49.891+09:00  INFO 14728 --- [main] com.zaxxer.hikari.HikariDataSource       : HikariPool-1 - Starting...
2023-12-04T04:08:49.975+09:00  INFO 14728 --- [main] com.zaxxer.hikari.pool.HikariPool        : HikariPool-1 - Added connection org.mariadb.jdbc.Connection@13516600
2023-12-04T04:08:49.977+09:00  INFO 14728 --- [main] com.zaxxer.hikari.HikariDataSource       : HikariPool-1 - Start completed.
2023-12-04T04:08:50.024+09:00  INFO 14728 --- [main] o.hibernate.jpa.internal.util.LogHelper  : HHH000204: Processing PersistenceUnitInfo [name: default]
2023-12-04T04:08:50.090+09:00  INFO 14728 --- [main] org.hibernate.Version                    : HHH000412: Hibernate ORM core version 6.2.5.Final
2023-12-04T04:08:50.093+09:00  INFO 14728 --- [main] org.hibernate.cfg.Environment            : HHH000406: Using bytecode reflection optimizer
2023-12-04T04:08:50.264+09:00  INFO 14728 --- [main] o.h.b.i.BytecodeProviderInitiator        : HHH000021: Bytecode provider name : bytebuddy
2023-12-04T04:08:50.426+09:00  INFO 14728 --- [main] o.s.o.j.p.SpringPersistenceUnitInfo      : No LoadTimeWeaver setup: ignoring JPA class transformer
2023-12-04T04:08:50.873+09:00  INFO 14728 --- [main] o.h.b.i.BytecodeProviderInitiator        : HHH000021: Bytecode provider name : bytebuddy
2023-12-04T04:08:52.279+09:00  INFO 14728 --- [main] o.h.e.t.j.p.i.JtaPlatformInitiator       : HHH000490: Using JtaPlatform implementation: [org.hibernate.engine.transaction.jta.platform.internal.NoJtaPlatform]
2023-12-04T04:08:52.283+09:00  INFO 14728 --- [main] j.LocalContainerEntityManagerFactoryBean : Initialized JPA EntityManagerFactory for persistence unit 'default'
2023-12-04T04:08:52.320+09:00  INFO 14728 --- [main] o.s.b.c.r.s.JobRepositoryFactoryBean     : No database type set, using meta data indicating: MARIADB
2023-12-04T04:08:52.338+09:00  INFO 14728 --- [main] o.s.b.c.l.support.SimpleJobLauncher      : No TaskExecutor has been set, defaulting to synchronous executor.
2023-12-04T04:08:52.672+09:00  INFO 14728 --- [main] o.s.d.j.r.query.QueryEnhancerFactory     : Hibernate is in classpath; If applicable, HQL parser will be used.
2023-12-04T04:08:53.073+09:00  INFO 14728 --- [main] .c.a.BatchObservabilityBeanPostProcessor : No Micrometer observation registry found, defaulting to ObservationRegistry.NOOP
2023-12-04T04:08:53.078+09:00  INFO 14728 --- [main] .c.a.BatchObservabilityBeanPostProcessor : No Micrometer observation registry found, defaulting to ObservationRegistry.NOOP
2023-12-04T04:08:53.798+09:00  WARN 14728 --- [main] JpaBaseConfiguration$JpaWebConfiguration : spring.jpa.open-in-view is enabled by default. Therefore, database queries may be performed during view rendering. Explicitly configure spring.jpa.open-in-view to disable this warning
2023-12-04T04:08:54.631+09:00  INFO 14728 --- [main] .c.a.BatchObservabilityBeanPostProcessor : No Micrometer observation registry found, defaulting to ObservationRegistry.NOOP
2023-12-04T04:08:54.632+09:00  INFO 14728 --- [main] .c.a.BatchObservabilityBeanPostProcessor : No Micrometer observation registry found, defaulting to ObservationRegistry.NOOP
2023-12-04T04:08:54.669+09:00  WARN 14728 --- [main] .s.s.UserDetailsServiceAutoConfiguration : 

Using generated security password: a79e22fe-61eb-4005-9cfc-a043c39bd185

This generated password is for development use only. Your security configuration must be updated before running your application in production.

2023-12-04T04:08:54.996+09:00  INFO 14728 --- [main] o.s.s.web.DefaultSecurityFilterChain     : Will secure any request with [org.springframework.security.web.session.DisableEncodeUrlFilter@52f7a138, org.springframework.security.web.context.request.async.WebAsyncManagerIntegrationFilter@342686f4, org.springframework.security.web.context.SecurityContextHolderFilter@311f8821, org.springframework.security.web.header.HeaderWriterFilter@7ebc78f1, org.springframework.security.web.authentication.logout.LogoutFilter@72b57a9f, org.springframework.security.web.savedrequest.RequestCacheAwareFilter@5d93ad98, org.springframework.security.web.servletapi.SecurityContextHolderAwareRequestFilter@5407cc39, org.springframework.security.web.authentication.AnonymousAuthenticationFilter@cda6100, org.springframework.security.web.session.SessionManagementFilter@55c33059, org.springframework.security.web.access.ExceptionTranslationFilter@44cfdbd9, org.springframework.security.web.access.intercept.FilterSecurityInterceptor@4abb5d17]
2023-12-04T04:08:55.174+09:00  INFO 14728 --- [main] org.quartz.impl.StdSchedulerFactory      : Using default implementation for ThreadExecutor
2023-12-04T04:08:55.185+09:00  INFO 14728 --- [main] org.quartz.core.SchedulerSignalerImpl    : Initialized Scheduler Signaller of type: class org.quartz.core.SchedulerSignalerImpl
2023-12-04T04:08:55.185+09:00  INFO 14728 --- [main] org.quartz.core.QuartzScheduler          : Quartz Scheduler v.2.3.2 created.
2023-12-04T04:08:55.186+09:00  INFO 14728 --- [main] org.quartz.simpl.RAMJobStore             : RAMJobStore initialized.
2023-12-04T04:08:55.187+09:00  INFO 14728 --- [main] org.quartz.core.QuartzScheduler          : Scheduler meta-data: Quartz Scheduler (v2.3.2) 'quartzScheduler' with instanceId 'NON_CLUSTERED'
  Scheduler class: 'org.quartz.core.QuartzScheduler' - running locally.
  NOT STARTED.
  Currently in standby mode.
  Number of jobs executed: 0
  Using thread pool 'org.quartz.simpl.SimpleThreadPool' - with 10 threads.
  Using job-store 'org.quartz.simpl.RAMJobStore' - which does not support persistence. and is not clustered.

2023-12-04T04:08:55.188+09:00  INFO 14728 --- [main] org.quartz.impl.StdSchedulerFactory      : Quartz scheduler 'quartzScheduler' initialized from an externally provided properties instance.
2023-12-04T04:08:55.188+09:00  INFO 14728 --- [main] org.quartz.impl.StdSchedulerFactory      : Quartz scheduler version: 2.3.2
2023-12-04T04:08:55.188+09:00  INFO 14728 --- [main] org.quartz.core.QuartzScheduler          : JobFactory set to: org.springframework.scheduling.quartz.SpringBeanJobFactory@57e8e8d6
2023-12-04T04:08:55.416+09:00  INFO 14728 --- [main] o.s.b.w.embedded.tomcat.TomcatWebServer  : Tomcat started on port(s): 8080 (http) with context path ''
2023-12-04T04:08:55.487+09:00  INFO 14728 --- [main] o.s.s.quartz.SchedulerFactoryBean        : Starting Quartz Scheduler now
2023-12-04T04:08:55.487+09:00  INFO 14728 --- [main] org.quartz.core.QuartzScheduler          : Scheduler quartzScheduler_$_NON_CLUSTERED started.
2023-12-04T04:08:55.498+09:00  INFO 14728 --- [main] com.bridgeshop.BackendApplication        : Started BackendApplication in 8.55 seconds (process running for 9.472)
2023-12-04T04:08:55.559+09:00  INFO 14728 --- [task-1] o.s.b.c.l.support.SimpleJobLauncher      : Job: [SimpleJob: [name=StatsSalesJob]] launched with the following parameters: [{'time':'{value=1701630535513, type=class java.lang.Long, identifying=true}'}]
2023-12-04T04:08:55.587+09:00  INFO 14728 --- [task-1] o.s.batch.core.job.SimpleStepHandler     : Executing step: [StatsSalesStep]
2023-12-04T04:08:55.613+09:00  INFO 14728 --- [task-1] o.s.batch.core.step.AbstractStep         : Step: [StatsSalesStep] executed in 25ms
2023-12-04T04:08:55.624+09:00  INFO 14728 --- [task-1] o.s.b.c.l.support.SimpleJobLauncher      : Job: [SimpleJob: [name=StatsSalesJob]] completed with the following parameters: [{'time':'{value=1701630535513, type=class java.lang.Long, identifying=true}'}] and the following status: [COMPLETED] in 44ms
2023-12-04T10:25:22.558+09:00  WARN 14728 --- [HikariPool-1 housekeeper] com.zaxxer.hikari.pool.HikariPool        : HikariPool-1 - Thread starvation or clock leap detected (housekeeper delta=6h13m9s496ms372µs).
2023-12-04T11:00:14.956+09:00  INFO 14728 --- [SpringApplicationShutdownHook] org.quartz.core.QuartzScheduler          : Scheduler quartzScheduler_$_NON_CLUSTERED paused.
2023-12-04T11:00:14.975+09:00  INFO 14728 --- [SpringApplicationShutdownHook] o.s.s.quartz.SchedulerFactoryBean        : Shutting down Quartz Scheduler
2023-12-04T11:00:14.975+09:00  INFO 14728 --- [SpringApplicationShutdownHook] org.quartz.core.QuartzScheduler          : Scheduler quartzScheduler_$_NON_CLUSTERED shutting down.
2023-12-04T11:00:14.975+09:00  INFO 14728 --- [SpringApplicationShutdownHook] org.quartz.core.QuartzScheduler          : Scheduler quartzScheduler_$_NON_CLUSTERED paused.
2023-12-04T11:00:14.975+09:00  INFO 14728 --- [SpringApplicationShutdownHook] org.quartz.core.QuartzScheduler          : Scheduler quartzScheduler_$_NON_CLUSTERED shutdown complete.
2023-12-04T11:00:14.983+09:00  INFO 14728 --- [SpringApplicationShutdownHook] j.LocalContainerEntityManagerFactoryBean : Closing JPA EntityManagerFactory for persistence unit 'default'
2023-12-04T11:00:14.984+09:00  INFO 14728 --- [SpringApplicationShutdownHook] com.zaxxer.hikari.HikariDataSource       : HikariPool-1 - Shutdown initiated...
2023-12-04T11:00:14.988+09:00  INFO 14728 --- [SpringApplicationShutdownHook] com.zaxxer.hikari.HikariDataSource       : HikariPool-1 - Shutdown completed.
2023-12-04T11:00:53.414+09:00  INFO 9264 --- [main] com.bridgeshop.BackendApplication        : Starting BackendApplication using Java 17.0.7 with PID 9264 (C:\lee\workspace\bridgeshop\backend\build\classes\java\main started by bridge in C:\lee\workspace\bridgeshop\backend)
2023-12-04T11:00:53.417+09:00  INFO 9264 --- [main] com.bridgeshop.BackendApplication        : No active profile set, falling back to 1 default profile: "default"
2023-12-04T11:00:54.330+09:00  INFO 9264 --- [main] o.s.b.c.c.annotation.BatchRegistrar      : Finished Spring Batch infrastructure beans configuration in 6 ms.
2023-12-04T11:00:54.649+09:00  INFO 9264 --- [main] .s.d.r.c.RepositoryConfigurationDelegate : Bootstrapping Spring Data JPA repositories in DEFAULT mode.
2023-12-04T11:00:54.879+09:00  INFO 9264 --- [main] .s.d.r.c.RepositoryConfigurationDelegate : Finished Spring Data repository scanning in 224 ms. Found 25 JPA repository interfaces.
2023-12-04T11:00:55.168+09:00  INFO 9264 --- [main] o.s.cloud.context.scope.GenericScope     : BeanFactory id=2d89569e-5107-398d-abd2-68f19ce118de
2023-12-04T11:00:55.624+09:00  INFO 9264 --- [main] o.s.b.w.embedded.tomcat.TomcatWebServer  : Tomcat initialized with port(s): 8080 (http)
2023-12-04T11:00:55.635+09:00  INFO 9264 --- [main] o.apache.catalina.core.StandardService   : Starting service [Tomcat]
2023-12-04T11:00:55.636+09:00  INFO 9264 --- [main] o.apache.catalina.core.StandardEngine    : Starting Servlet engine: [Apache Tomcat/10.1.10]
2023-12-04T11:00:55.761+09:00  INFO 9264 --- [main] o.a.c.c.C.[Tomcat].[localhost].[/]       : Initializing Spring embedded WebApplicationContext
2023-12-04T11:00:55.761+09:00  INFO 9264 --- [main] w.s.c.ServletWebServerApplicationContext : Root WebApplicationContext: initialization completed in 2284 ms
2023-12-04T11:00:55.943+09:00  INFO 9264 --- [main] com.zaxxer.hikari.HikariDataSource       : HikariPool-1 - Starting...
2023-12-04T11:00:56.030+09:00  INFO 9264 --- [main] com.zaxxer.hikari.pool.HikariPool        : HikariPool-1 - Added connection org.mariadb.jdbc.Connection@21f9c6ea
2023-12-04T11:00:56.032+09:00  INFO 9264 --- [main] com.zaxxer.hikari.HikariDataSource       : HikariPool-1 - Start completed.
2023-12-04T11:00:56.078+09:00  INFO 9264 --- [main] o.hibernate.jpa.internal.util.LogHelper  : HHH000204: Processing PersistenceUnitInfo [name: default]
2023-12-04T11:00:56.173+09:00  INFO 9264 --- [main] org.hibernate.Version                    : HHH000412: Hibernate ORM core version 6.2.5.Final
2023-12-04T11:00:56.177+09:00  INFO 9264 --- [main] org.hibernate.cfg.Environment            : HHH000406: Using bytecode reflection optimizer
2023-12-04T11:00:56.370+09:00  INFO 9264 --- [main] o.h.b.i.BytecodeProviderInitiator        : HHH000021: Bytecode provider name : bytebuddy
2023-12-04T11:00:56.540+09:00  INFO 9264 --- [main] o.s.o.j.p.SpringPersistenceUnitInfo      : No LoadTimeWeaver setup: ignoring JPA class transformer
2023-12-04T11:00:56.991+09:00  INFO 9264 --- [main] o.h.b.i.BytecodeProviderInitiator        : HHH000021: Bytecode provider name : bytebuddy
2023-12-04T11:00:58.142+09:00  INFO 9264 --- [main] o.h.e.t.j.p.i.JtaPlatformInitiator       : HHH000490: Using JtaPlatform implementation: [org.hibernate.engine.transaction.jta.platform.internal.NoJtaPlatform]
2023-12-04T11:00:58.145+09:00  INFO 9264 --- [main] j.LocalContainerEntityManagerFactoryBean : Initialized JPA EntityManagerFactory for persistence unit 'default'
2023-12-04T11:00:58.181+09:00  INFO 9264 --- [main] o.s.b.c.r.s.JobRepositoryFactoryBean     : No database type set, using meta data indicating: MARIADB
2023-12-04T11:00:58.196+09:00  INFO 9264 --- [main] o.s.b.c.l.support.SimpleJobLauncher      : No TaskExecutor has been set, defaulting to synchronous executor.
2023-12-04T11:00:58.532+09:00  INFO 9264 --- [main] o.s.d.j.r.query.QueryEnhancerFactory     : Hibernate is in classpath; If applicable, HQL parser will be used.
2023-12-04T11:00:58.956+09:00  INFO 9264 --- [main] .c.a.BatchObservabilityBeanPostProcessor : No Micrometer observation registry found, defaulting to ObservationRegistry.NOOP
2023-12-04T11:00:58.962+09:00  INFO 9264 --- [main] .c.a.BatchObservabilityBeanPostProcessor : No Micrometer observation registry found, defaulting to ObservationRegistry.NOOP
2023-12-04T11:00:59.783+09:00  WARN 9264 --- [main] JpaBaseConfiguration$JpaWebConfiguration : spring.jpa.open-in-view is enabled by default. Therefore, database queries may be performed during view rendering. Explicitly configure spring.jpa.open-in-view to disable this warning
2023-12-04T11:01:02.072+09:00  INFO 9264 --- [main] .c.a.BatchObservabilityBeanPostProcessor : No Micrometer observation registry found, defaulting to ObservationRegistry.NOOP
2023-12-04T11:01:02.073+09:00  INFO 9264 --- [main] .c.a.BatchObservabilityBeanPostProcessor : No Micrometer observation registry found, defaulting to ObservationRegistry.NOOP
2023-12-04T11:01:02.109+09:00  WARN 9264 --- [main] .s.s.UserDetailsServiceAutoConfiguration : 

Using generated security password: 743cdacf-e3a4-431c-8d83-f8f56d50e017

This generated password is for development use only. Your security configuration must be updated before running your application in production.

2023-12-04T11:01:02.443+09:00  INFO 9264 --- [main] o.s.s.web.DefaultSecurityFilterChain     : Will secure any request with [org.springframework.security.web.session.DisableEncodeUrlFilter@21e896f6, org.springframework.security.web.context.request.async.WebAsyncManagerIntegrationFilter@4f0e4307, org.springframework.security.web.context.SecurityContextHolderFilter@4782e182, org.springframework.security.web.header.HeaderWriterFilter@4da6fd47, org.springframework.security.web.authentication.logout.LogoutFilter@8966f7, org.springframework.security.web.savedrequest.RequestCacheAwareFilter@3bdb3f28, org.springframework.security.web.servletapi.SecurityContextHolderAwareRequestFilter@1653ae9d, org.springframework.security.web.authentication.AnonymousAuthenticationFilter@6e64e5f5, org.springframework.security.web.session.SessionManagementFilter@78acee6c, org.springframework.security.web.access.ExceptionTranslationFilter@62aea363, org.springframework.security.web.access.intercept.FilterSecurityInterceptor@4f0c3b5e]
2023-12-04T11:01:02.646+09:00  INFO 9264 --- [main] org.quartz.impl.StdSchedulerFactory      : Using default implementation for ThreadExecutor
2023-12-04T11:01:02.659+09:00  INFO 9264 --- [main] org.quartz.core.SchedulerSignalerImpl    : Initialized Scheduler Signaller of type: class org.quartz.core.SchedulerSignalerImpl
2023-12-04T11:01:02.659+09:00  INFO 9264 --- [main] org.quartz.core.QuartzScheduler          : Quartz Scheduler v.2.3.2 created.
2023-12-04T11:01:02.660+09:00  INFO 9264 --- [main] org.quartz.simpl.RAMJobStore             : RAMJobStore initialized.
2023-12-04T11:01:02.661+09:00  INFO 9264 --- [main] org.quartz.core.QuartzScheduler          : Scheduler meta-data: Quartz Scheduler (v2.3.2) 'quartzScheduler' with instanceId 'NON_CLUSTERED'
  Scheduler class: 'org.quartz.core.QuartzScheduler' - running locally.
  NOT STARTED.
  Currently in standby mode.
  Number of jobs executed: 0
  Using thread pool 'org.quartz.simpl.SimpleThreadPool' - with 10 threads.
  Using job-store 'org.quartz.simpl.RAMJobStore' - which does not support persistence. and is not clustered.

2023-12-04T11:01:02.661+09:00  INFO 9264 --- [main] org.quartz.impl.StdSchedulerFactory      : Quartz scheduler 'quartzScheduler' initialized from an externally provided properties instance.
2023-12-04T11:01:02.661+09:00  INFO 9264 --- [main] org.quartz.impl.StdSchedulerFactory      : Quartz scheduler version: 2.3.2
2023-12-04T11:01:02.661+09:00  INFO 9264 --- [main] org.quartz.core.QuartzScheduler          : JobFactory set to: org.springframework.scheduling.quartz.SpringBeanJobFactory@6683cf7a
2023-12-04T11:01:02.855+09:00  INFO 9264 --- [main] o.s.b.w.embedded.tomcat.TomcatWebServer  : Tomcat started on port(s): 8080 (http) with context path ''
2023-12-04T11:01:02.952+09:00  INFO 9264 --- [main] o.s.s.quartz.SchedulerFactoryBean        : Starting Quartz Scheduler now
2023-12-04T11:01:02.953+09:00  INFO 9264 --- [main] org.quartz.core.QuartzScheduler          : Scheduler quartzScheduler_$_NON_CLUSTERED started.
2023-12-04T11:01:02.966+09:00  INFO 9264 --- [main] com.bridgeshop.BackendApplication        : Started BackendApplication in 10.489 seconds (process running for 13.111)
2023-12-04T11:01:03.018+09:00  INFO 9264 --- [task-1] o.s.b.c.l.support.SimpleJobLauncher      : Job: [SimpleJob: [name=StatsSalesJob]] launched with the following parameters: [{'time':'{value=1701655262975, type=class java.lang.Long, identifying=true}'}]
2023-12-04T11:01:03.039+09:00  INFO 9264 --- [task-1] o.s.batch.core.job.SimpleStepHandler     : Executing step: [StatsSalesStep]
2023-12-04T11:01:03.068+09:00  INFO 9264 --- [task-1] o.s.batch.core.step.AbstractStep         : Step: [StatsSalesStep] executed in 27ms
2023-12-04T11:01:03.079+09:00  INFO 9264 --- [task-1] o.s.b.c.l.support.SimpleJobLauncher      : Job: [SimpleJob: [name=StatsSalesJob]] completed with the following parameters: [{'time':'{value=1701655262975, type=class java.lang.Long, identifying=true}'}] and the following status: [COMPLETED] in 46ms
2023-12-04T14:24:48.307+09:00  INFO 9264 --- [SpringApplicationShutdownHook] org.quartz.core.QuartzScheduler          : Scheduler quartzScheduler_$_NON_CLUSTERED paused.
2023-12-04T14:24:48.519+09:00  INFO 9264 --- [SpringApplicationShutdownHook] o.s.s.quartz.SchedulerFactoryBean        : Shutting down Quartz Scheduler
2023-12-04T14:24:48.520+09:00  INFO 9264 --- [SpringApplicationShutdownHook] org.quartz.core.QuartzScheduler          : Scheduler quartzScheduler_$_NON_CLUSTERED shutting down.
2023-12-04T14:24:48.523+09:00  INFO 9264 --- [SpringApplicationShutdownHook] org.quartz.core.QuartzScheduler          : Scheduler quartzScheduler_$_NON_CLUSTERED paused.
2023-12-04T14:24:48.525+09:00  INFO 9264 --- [SpringApplicationShutdownHook] org.quartz.core.QuartzScheduler          : Scheduler quartzScheduler_$_NON_CLUSTERED shutdown complete.
2023-12-04T14:24:48.574+09:00  INFO 9264 --- [SpringApplicationShutdownHook] j.LocalContainerEntityManagerFactoryBean : Closing JPA EntityManagerFactory for persistence unit 'default'
2023-12-04T14:24:48.635+09:00  INFO 9264 --- [SpringApplicationShutdownHook] com.zaxxer.hikari.HikariDataSource       : HikariPool-1 - Shutdown initiated...
2023-12-04T14:24:48.659+09:00  INFO 9264 --- [SpringApplicationShutdownHook] com.zaxxer.hikari.HikariDataSource       : HikariPool-1 - Shutdown completed.
